<?xml version="1.0" encoding="UTF-8"?>
<TestRun id="60464e95-fead-437e-bf6b-2c8a8b31208f" name="Alexyomar@HERETICANTHEM21 2012-08-26 17:40:32" runUser="hereticanthem21\Alexyomar" xmlns="http://microsoft.com/schemas/VisualStudio/TeamTest/2010">
  <TestSettings name="Default Test Settings" id="8e7dfca9-4837-4795-aa0c-c56d4c677c4f">
    <Deployment runDeploymentRoot="Alexyomar_HERETICANTHEM21 2012-08-26 17_40_32">
      <DeploymentItem filename="C:\Files\Documents\GitHub\RMS\RMS\bin\RMS.dll" />
    </Deployment>
    <Execution>
      <TestTypeSpecific />
      <AgentRule name="Execution Agents">
      </AgentRule>
    </Execution>
  </TestSettings>
  <Times creation="2012-08-26T17:40:32.7851563-04:30" queuing="2012-08-26T17:40:37.2753907-04:30" start="2012-08-26T17:40:37.6230469-04:30" finish="2012-08-26T17:41:55.2529297-04:30" />
  <ResultSummary outcome="Failed">
    <Counters total="2" executed="2" error="0" failed="2" timeout="0" aborted="0" inconclusive="0" passedButRunAborted="0" notRunnable="0" notExecuted="0" disconnected="0" warning="0" passed="0" completed="0" inProgress="0" pending="0" />
  </ResultSummary>
  <TestDefinitions>
    <UnitTest name="Index" storage="c:\files\documents\github\rms\rms.tests\bin\debug\rms.tests.dll" id="0f29bc89-5ccb-9da6-16dc-9aa63632babf">
      <Execution id="9fd6b785-b886-452b-a69e-645470d7b338" />
      <TestMethod codeBase="C:/Files/Documents/GitHub/RMS/RMS.Tests/bin/Debug/RMS.Tests.DLL" adapterTypeName="Microsoft.VisualStudio.TestTools.TestTypes.Unit.UnitTestAdapter, Microsoft.VisualStudio.QualityTools.Tips.UnitTest.Adapter, Version=10.0.0.0, Culture=neutral, PublicKeyToken=b03f5f7f11d50a3a" className="RMS.Tests.Controllers.HomeControllerTest, RMS.Tests, Version=1.0.0.0, Culture=neutral, PublicKeyToken=null" name="Index" />
    </UnitTest>
    <UnitTest name="About" storage="c:\files\documents\github\rms\rms.tests\bin\debug\rms.tests.dll" id="5df2b80f-67b0-8dbf-5efd-188d75ef7be3">
      <Execution id="22a1d759-c12e-4dd9-90af-34c1cdac0758" />
      <TestMethod codeBase="C:/Files/Documents/GitHub/RMS/RMS.Tests/bin/Debug/RMS.Tests.DLL" adapterTypeName="Microsoft.VisualStudio.TestTools.TestTypes.Unit.UnitTestAdapter, Microsoft.VisualStudio.QualityTools.Tips.UnitTest.Adapter, Version=10.0.0.0, Culture=neutral, PublicKeyToken=b03f5f7f11d50a3a" className="RMS.Tests.Controllers.HomeControllerTest, RMS.Tests, Version=1.0.0.0, Culture=neutral, PublicKeyToken=null" name="About" />
    </UnitTest>
  </TestDefinitions>
  <TestLists>
    <TestList name="Results Not in a List" id="8c84fa94-04c1-424b-9868-57a2d4851a1d" />
    <TestList name="All Loaded Results" id="19431567-8539-422a-85d7-44ee4e166bda" />
  </TestLists>
  <TestEntries>
    <TestEntry testId="0f29bc89-5ccb-9da6-16dc-9aa63632babf" executionId="9fd6b785-b886-452b-a69e-645470d7b338" testListId="8c84fa94-04c1-424b-9868-57a2d4851a1d" />
    <TestEntry testId="5df2b80f-67b0-8dbf-5efd-188d75ef7be3" executionId="22a1d759-c12e-4dd9-90af-34c1cdac0758" testListId="8c84fa94-04c1-424b-9868-57a2d4851a1d" />
  </TestEntries>
  <Results>
    <UnitTestResult executionId="9fd6b785-b886-452b-a69e-645470d7b338" testId="0f29bc89-5ccb-9da6-16dc-9aa63632babf" testName="Index" computerName="HERETICANTHEM21" duration="00:01:13.3454276" startTime="2012-08-26T17:40:37.8466797-04:30" endTime="2012-08-26T17:41:54.1425782-04:30" testType="13cdc9d9-ddb5-4fa4-a97d-d965ccfc6d4b" outcome="Failed" testListId="8c84fa94-04c1-424b-9868-57a2d4851a1d" relativeResultsDirectory="9fd6b785-b886-452b-a69e-645470d7b338">
      <Output>
        <ErrorInfo>
          <Message>Test method RMS.Tests.Controllers.HomeControllerTest.Index threw exception: 
System.ArgumentException: The specified named connection is either not found in the configuration, not intended to be used with the EntityClient provider, or not valid.</Message>
          <StackTrace>    at System.Data.EntityClient.EntityConnection.ChangeConnectionString(String newConnectionString)
   at System.Data.EntityClient.EntityConnection..ctor(String connectionString)
   at System.Data.Objects.ObjectContext.CreateEntityConnection(String connectionString)
   at System.Data.Objects.ObjectContext..ctor(String connectionString, String defaultContainerName)
   at RMS.Models.RegionalEntities..ctor() in C:\Files\Documents\GitHub\RMS\RMS\Models\Database.Designer.cs:line 61
   at RMS.Controllers.HomeController..ctor() in C:\Files\Documents\GitHub\RMS\RMS\Controllers\HomeController.cs:line 13
   at RMS.Tests.Controllers.HomeControllerTest.Index() in C:\Files\Documents\GitHub\RMS\RMS.Tests\Controllers\HomeControllerTest.cs:line 19
</StackTrace>
        </ErrorInfo>
      </Output>
    </UnitTestResult>
    <UnitTestResult executionId="22a1d759-c12e-4dd9-90af-34c1cdac0758" testId="5df2b80f-67b0-8dbf-5efd-188d75ef7be3" testName="About" computerName="HERETICANTHEM21" duration="00:00:00.8515880" startTime="2012-08-26T17:41:54.1796875-04:30" endTime="2012-08-26T17:41:55.0361328-04:30" testType="13cdc9d9-ddb5-4fa4-a97d-d965ccfc6d4b" outcome="Failed" testListId="8c84fa94-04c1-424b-9868-57a2d4851a1d" relativeResultsDirectory="22a1d759-c12e-4dd9-90af-34c1cdac0758">
      <Output>
        <ErrorInfo>
          <Message>Test method RMS.Tests.Controllers.HomeControllerTest.About threw exception: 
System.ArgumentException: The specified named connection is either not found in the configuration, not intended to be used with the EntityClient provider, or not valid.</Message>
          <StackTrace>    at System.Data.EntityClient.EntityConnection.ChangeConnectionString(String newConnectionString)
   at System.Data.EntityClient.EntityConnection..ctor(String connectionString)
   at System.Data.Objects.ObjectContext.CreateEntityConnection(String connectionString)
   at System.Data.Objects.ObjectContext..ctor(String connectionString, String defaultContainerName)
   at RMS.Models.RegionalEntities..ctor() in C:\Files\Documents\GitHub\RMS\RMS\Models\Database.Designer.cs:line 61
   at RMS.Controllers.HomeController..ctor() in C:\Files\Documents\GitHub\RMS\RMS\Controllers\HomeController.cs:line 13
   at RMS.Tests.Controllers.HomeControllerTest.About() in C:\Files\Documents\GitHub\RMS\RMS.Tests\Controllers\HomeControllerTest.cs:line 32
</StackTrace>
        </ErrorInfo>
      </Output>
    </UnitTestResult>
  </Results>
</TestRun>